# JRE version: Java(TM) SE Runtime Environment (8.0_111-b14) (build 1.8.0_111-b14)
# Java VM: Java HotSpot(TM) 64-Bit Server VM (25.111-b14 mixed mode windows-amd64 compressed oops)
Heap:
 PSYoungGen      total 177664K, used 177632K [0x000000076ac00000, 0x0000000776c80000, 0x00000007c0000000)
  eden space 162304K, 100% used [0x000000076ac00000,0x0000000774a80000,0x0000000774a80000)
  from space 15360K, 99% used [0x0000000775c80000,0x0000000776b781f8,0x0000000776b80000)
  to   space 17408K, 99% used [0x0000000774a80000,0x0000000775b781f8,0x0000000775b80000)
 ParOldGen       total 96256K, used 22461K [0x00000006c0400000, 0x00000006c6200000, 0x000000076ac00000)
  object space 96256K, 23% used [0x00000006c0400000,0x00000006c19ef6f0,0x00000006c6200000)
 Metaspace       used 49036K, capacity 50536K, committed 50816K, reserved 1093632K
  class space    used 6615K, capacity 7005K, committed 7040K, reserved 1048576K
GC Heap History (10 events):
Event: 34.982 GC heap after
Heap after GC invocations=8 (full 1):
 PSYoungGen      total 76800K, used 10850K [0x000000076ac00000, 0x0000000773a00000, 0x00000007c0000000)
  eden space 62464K, 0% used [0x000000076ac00000,0x000000076ac00000,0x000000076e900000)
  from space 14336K, 75% used [0x000000076e900000,0x000000076f398a88,0x000000076f700000)
  to   space 14336K, 0% used [0x0000000772c00000,0x0000000772c00000,0x0000000773a00000)
 ParOldGen       total 76800K, used 8016K [0x00000006c0400000, 0x00000006c4f00000, 0x000000076ac00000)
  object space 76800K, 10% used [0x00000006c0400000,0x00000006c0bd42a0,0x00000006c4f00000)
 Metaspace       used 34571K, capacity 35174K, committed 35496K, reserved 1079296K
  class space    used 4714K, capacity 4864K, committed 4864K, reserved 1048576K
}
Event: 34.982 GC heap before
{Heap before GC invocations=9 (full 2):
 PSYoungGen      total 76800K, used 10850K [0x000000076ac00000, 0x0000000773a00000, 0x00000007c0000000)
  eden space 62464K, 0% used [0x000000076ac00000,0x000000076ac00000,0x000000076e900000)
  from space 14336K, 75% used [0x000000076e900000,0x000000076f398a88,0x000000076f700000)
  to   space 14336K, 0% used [0x0000000772c00000,0x0000000772c00000,0x0000000773a00000)
 ParOldGen       total 76800K, used 8016K [0x00000006c0400000, 0x00000006c4f00000, 0x000000076ac00000)
  object space 76800K, 10% used [0x00000006c0400000,0x00000006c0bd42a0,0x00000006c4f00000)
 Metaspace       used 34571K, capacity 35174K, committed 35496K, reserved 1079296K
  class space    used 4714K, capacity 4864K, committed 4864K, reserved 1048576K
Event: 35.063 GC heap after
Heap after GC invocations=9 (full 2):
 PSYoungGen      total 76800K, used 0K [0x000000076ac00000, 0x0000000773a00000, 0x00000007c0000000)
  eden space 62464K, 0% used [0x000000076ac00000,0x000000076ac00000,0x000000076e900000)
  from space 14336K, 0% used [0x000000076e900000,0x000000076e900000,0x000000076f700000)
  to   space 14336K, 0% used [0x0000000772c00000,0x0000000772c00000,0x0000000773a00000)
 ParOldGen       total 96256K, used 18301K [0x00000006c0400000, 0x00000006c6200000, 0x000000076ac00000)
  object space 96256K, 19% used [0x00000006c0400000,0x00000006c15df618,0x00000006c6200000)
 Metaspace       used 34571K, capacity 35174K, committed 35496K, reserved 1079296K
  class space    used 4714K, capacity 4864K, committed 4864K, reserved 1048576K
}
Event: 43.554 GC heap before
{Heap before GC invocations=10 (full 2):
 PSYoungGen      total 76800K, used 62464K [0x000000076ac00000, 0x0000000773a00000, 0x00000007c0000000)
  eden space 62464K, 100% used [0x000000076ac00000,0x000000076e900000,0x000000076e900000)
  from space 14336K, 0% used [0x000000076e900000,0x000000076e900000,0x000000076f700000)
  to   space 14336K, 0% used [0x0000000772c00000,0x0000000772c00000,0x0000000773a00000)
 ParOldGen       total 96256K, used 18301K [0x00000006c0400000, 0x00000006c6200000, 0x000000076ac00000)
  object space 96256K, 19% used [0x00000006c0400000,0x00000006c15df618,0x00000006c6200000)
 Metaspace       used 40626K, capacity 41296K, committed 41728K, reserved 1085440K
  class space    used 5530K, capacity 5767K, committed 5888K, reserved 1048576K
Event: 43.557 GC heap after
Heap after GC invocations=10 (full 2):
 PSYoungGen      total 124928K, used 5047K [0x000000076ac00000, 0x0000000773780000, 0x00000007c0000000)
  eden space 113152K, 0% used [0x000000076ac00000,0x000000076ac00000,0x0000000771a80000)
  from space 11776K, 42% used [0x0000000772c00000,0x00000007730edc38,0x0000000773780000)
  to   space 14848K, 0% used [0x0000000771a80000,0x0000000771a80000,0x0000000772900000)
 ParOldGen       total 96256K, used 18373K [0x00000006c0400000, 0x00000006c6200000, 0x000000076ac00000)
  object space 96256K, 19% used [0x00000006c0400000,0x00000006c15f1628,0x00000006c6200000)
 Metaspace       used 40626K, capacity 41296K, committed 41728K, reserved 1085440K
  class space    used 5530K, capacity 5767K, committed 5888K, reserved 1048576K
}
Event: 52.170 GC heap before
{Heap before GC invocations=11 (full 2):
 PSYoungGen      total 124928K, used 118199K [0x000000076ac00000, 0x0000000773780000, 0x00000007c0000000)
  eden space 113152K, 100% used [0x000000076ac00000,0x0000000771a80000,0x0000000771a80000)
  from space 11776K, 42% used [0x0000000772c00000,0x00000007730edc38,0x0000000773780000)
  to   space 14848K, 0% used [0x0000000771a80000,0x0000000771a80000,0x0000000772900000)
 ParOldGen       total 96256K, used 18373K [0x00000006c0400000, 0x00000006c6200000, 0x000000076ac00000)
  object space 96256K, 19% used [0x00000006c0400000,0x00000006c15f1628,0x00000006c6200000)
 Metaspace       used 44421K, capacity 45560K, committed 45824K, reserved 1089536K
  class space    used 6043K, capacity 6375K, committed 6400K, reserved 1048576K
Event: 52.177 GC heap after
Heap after GC invocations=11 (full 2):
 PSYoungGen      total 128000K, used 11935K [0x000000076ac00000, 0x0000000776b80000, 0x00000007c0000000)
  eden space 113152K, 0% used [0x000000076ac00000,0x000000076ac00000,0x0000000771a80000)
  from space 14848K, 80% used [0x0000000771a80000,0x0000000772627fb0,0x0000000772900000)
  to   space 15360K, 0% used [0x0000000775c80000,0x0000000775c80000,0x0000000776b80000)
 ParOldGen       total 96256K, used 18389K [0x00000006c0400000, 0x00000006c6200000, 0x000000076ac00000)
  object space 96256K, 19% used [0x00000006c0400000,0x00000006c15f5640,0x00000006c6200000)
 Metaspace       used 44421K, capacity 45560K, committed 45824K, reserved 1089536K
  class space    used 6043K, capacity 6375K, committed 6400K, reserved 1048576K
}
Event: 56.531 GC heap before
{Heap before GC invocations=12 (full 2):
 PSYoungGen      total 128000K, used 125087K [0x000000076ac00000, 0x0000000776b80000, 0x00000007c0000000)
  eden space 113152K, 100% used [0x000000076ac00000,0x0000000771a80000,0x0000000771a80000)
  from space 14848K, 80% used [0x0000000771a80000,0x0000000772627fb0,0x0000000772900000)
  to   space 15360K, 0% used [0x0000000775c80000,0x0000000775c80000,0x0000000776b80000)
 ParOldGen       total 96256K, used 18389K [0x00000006c0400000, 0x00000006c6200000, 0x000000076ac00000)
  object space 96256K, 19% used [0x00000006c0400000,0x00000006c15f5640,0x00000006c6200000)
 Metaspace       used 48267K, capacity 49552K, committed 49664K, reserved 1091584K
  class space    used 6558K, capacity 6904K, committed 6912K, reserved 1048576K
Event: 56.540 GC heap after
Heap after GC invocations=12 (full 2):
 PSYoungGen      total 177664K, used 15328K [0x000000076ac00000, 0x0000000776c80000, 0x00000007c0000000)
  eden space 162304K, 0% used [0x000000076ac00000,0x000000076ac00000,0x0000000774a80000)
  from space 15360K, 99% used [0x0000000775c80000,0x0000000776b781f8,0x0000000776b80000)
  to   space 17408K, 0% used [0x0000000774a80000,0x0000000774a80000,0x0000000775b80000)
 ParOldGen       total 96256K, used 19437K [0x00000006c0400000, 0x00000006c6200000, 0x000000076ac00000)
  object space 96256K, 20% used [0x00000006c0400000,0x00000006c16fb6f0,0x00000006c6200000)
 Metaspace       used 48267K, capacity 49552K, committed 49664K, reserved 1091584K
  class space    used 6558K, capacity 6904K, committed 6912K, reserved 1048576K
}
Event: 72.436 GC heap before
{Heap before GC invocations=13 (full 2):
 PSYoungGen      total 177664K, used 177632K [0x000000076ac00000, 0x0000000776c80000, 0x00000007c0000000)
  eden space 162304K, 100% used [0x000000076ac00000,0x0000000774a80000,0x0000000774a80000)
  from space 15360K, 99% used [0x0000000775c80000,0x0000000776b781f8,0x0000000776b80000)
  to   space 17408K, 0% used [0x0000000774a80000,0x0000000774a80000,0x0000000775b80000)
 ParOldGen       total 96256K, used 19437K [0x00000006c0400000, 0x00000006c6200000, 0x000000076ac00000)
  object space 96256K, 20% used [0x00000006c0400000,0x00000006c16fb6f0,0x00000006c6200000)
 Metaspace       used 49036K, capacity 50536K, committed 50816K, reserved 1093632K
  class space    used 6615K, capacity 7005K, committed 7040K, reserved 1048576K

